<?xml version="1.0" encoding="UTF-8"?>
<robot generator="Robot 6.0 (Python 3.10.8 on darwin)" generated="20221206 20:09:45.385" rpa="false" schemaversion="3">
<suite id="s1" name="testDemo16" source="/Users/macbook/Desktop/practice/RF/RobotFramework/Tests/testDemo16.robot">
<test id="s1-t1" name="Validate Cards Display in the Shopping page" line="27">
<kw name="Launch the browser" library="resource" type="SETUP">
<kw name="Create Webdriver" library="SeleniumLibrary">
<arg>${Browser}</arg>
<arg>executable_path=${Chromedriver_Path}</arg>
<doc>Creates an instance of Selenium WebDriver.</doc>
<msg timestamp="20221206 20:09:45.542" level="INFO">Creating an instance of the Chrome WebDriver.</msg>
<status status="PASS" starttime="20221206 20:09:45.542" endtime="20221206 20:09:47.558"/>
</kw>
<kw name="Maximize Browser Window" library="SeleniumLibrary">
<doc>Maximizes current browser window.</doc>
<status status="PASS" starttime="20221206 20:09:47.558" endtime="20221206 20:09:47.972"/>
</kw>
<status status="PASS" starttime="20221206 20:09:45.541" endtime="20221206 20:09:47.972"/>
</kw>
<kw name="open the url" library="resource">
<kw name="Go To" library="SeleniumLibrary">
<arg>${Base_url}</arg>
<doc>Navigates the current browser window to the provided ``url``.</doc>
<msg timestamp="20221206 20:09:47.973" level="INFO">Opening url 'https://rahulshettyacademy.com/loginpagePractise/'</msg>
<status status="PASS" starttime="20221206 20:09:47.973" endtime="20221206 20:09:49.051"/>
</kw>
<status status="PASS" starttime="20221206 20:09:47.972" endtime="20221206 20:09:49.051"/>
</kw>
<kw name="Fill the login Form">
<arg>${user_name}</arg>
<arg>${valid_password}</arg>
<kw name="Input Text" library="SeleniumLibrary">
<arg>id:username</arg>
<arg>${username}</arg>
<doc>Types the given ``text`` into the text field identified by ``locator``.</doc>
<msg timestamp="20221206 20:09:49.053" level="INFO">Typing text 'rahulshettyacademy' into text field 'id:username'.</msg>
<status status="PASS" starttime="20221206 20:09:49.052" endtime="20221206 20:09:49.239"/>
</kw>
<kw name="Input Password" library="SeleniumLibrary">
<arg>id:password</arg>
<arg>${password}</arg>
<doc>Types the given password into the text field identified by ``locator``.</doc>
<msg timestamp="20221206 20:09:49.240" level="INFO">Typing password into text field 'id:password'.</msg>
<msg timestamp="20221206 20:09:49.277" level="INFO">Temporally setting log level to: NONE</msg>
<msg timestamp="20221206 20:09:49.330" level="INFO">Log level changed from NONE to INFO.</msg>
<status status="PASS" starttime="20221206 20:09:49.239" endtime="20221206 20:09:49.330"/>
</kw>
<kw name="Click Button" library="SeleniumLibrary">
<arg>signInBtn</arg>
<doc>Clicks the button identified by ``locator``.</doc>
<msg timestamp="20221206 20:09:49.331" level="INFO">Clicking button 'signInBtn'.</msg>
<status status="PASS" starttime="20221206 20:09:49.330" endtime="20221206 20:09:49.384"/>
</kw>
<status status="PASS" starttime="20221206 20:09:49.051" endtime="20221206 20:09:49.384"/>
</kw>
<kw name="wait until element is visible on screen" library="resource">
<arg>${ShopPage_Checkout_Btn}</arg>
<kw name="Wait Until Element Is Visible" library="SeleniumLibrary">
<arg>${element}</arg>
<doc>Waits until the element ``locator`` is visible.</doc>
<status status="PASS" starttime="20221206 20:09:49.384" endtime="20221206 20:09:53.580"/>
</kw>
<status status="PASS" starttime="20221206 20:09:49.384" endtime="20221206 20:09:53.580"/>
</kw>
<kw name="Hello Test" library="Shop">
<msg timestamp="20221206 20:09:53.580" level="INFO">hello automater</msg>
<status status="PASS" starttime="20221206 20:09:53.580" endtime="20221206 20:09:53.580"/>
</kw>
<kw name="verify Card titles in the shop page">
<kw name="Create List" library="BuiltIn">
<var>@{expectedList}</var>
<arg>iphone X</arg>
<arg>Samsung Note 8</arg>
<arg>Nokia Edge</arg>
<arg>Blackberry</arg>
<doc>Returns a list containing given items.</doc>
<msg timestamp="20221206 20:09:53.581" level="INFO">@{expectedList} = [ iphone X | Samsung Note 8 | Nokia Edge | Blackberry ]</msg>
<status status="PASS" starttime="20221206 20:09:53.581" endtime="20221206 20:09:53.581"/>
</kw>
<kw name="Get WebElements" library="SeleniumLibrary">
<var>${cardElements}</var>
<arg>${ShopPage_CardTiles}</arg>
<doc>Returns a list of WebElement objects matching the ``locator``.</doc>
<msg timestamp="20221206 20:09:53.595" level="INFO">${cardElements} = [&lt;selenium.webdriver.remote.webelement.WebElement (session="5d7c294ac8a118f28478a4077e48fa2b", element="958c63bb-b14c-4cb4-8a09-7267d2e5f4a9")&gt;, &lt;selenium.webdriver.remote.webelement.WebElement (sessi...</msg>
<status status="PASS" starttime="20221206 20:09:53.581" endtime="20221206 20:09:53.595"/>
</kw>
<kw name="Create List" library="BuiltIn">
<var>@{actualList}</var>
<doc>Returns a list containing given items.</doc>
<msg timestamp="20221206 20:09:53.595" level="INFO">@{actualList} = [ ]</msg>
<status status="PASS" starttime="20221206 20:09:53.595" endtime="20221206 20:09:53.595"/>
</kw>
<for flavor="IN">
<var>${cardElement}</var>
<value>@{cardElements}</value>
<iter>
<var name="${cardElement}">&lt;selenium.webdriver.remote.webelement.WebElement (session="5d7c294ac8a118f28478a4077e48fa2b", element="958c63bb-b14c-4cb4-8a09-7267d2e5f4a9")&gt;</var>
<kw name="Log" library="BuiltIn">
<arg>${cardElement.text}</arg>
<doc>Logs the given message with the given level.</doc>
<msg timestamp="20221206 20:09:53.607" level="INFO">iphone X</msg>
<status status="PASS" starttime="20221206 20:09:53.596" endtime="20221206 20:09:53.608"/>
</kw>
<kw name="Append To List" library="Collections">
<arg>${actualList}</arg>
<arg>${cardElement.text}</arg>
<doc>Adds ``values`` to the end of ``list``.</doc>
<status status="PASS" starttime="20221206 20:09:53.608" endtime="20221206 20:09:53.615"/>
</kw>
<status status="PASS" starttime="20221206 20:09:53.595" endtime="20221206 20:09:53.615"/>
</iter>
<iter>
<var name="${cardElement}">&lt;selenium.webdriver.remote.webelement.WebElement (session="5d7c294ac8a118f28478a4077e48fa2b", element="bf79865a-02c9-4fc7-a0fa-cde44dfb3cea")&gt;</var>
<kw name="Log" library="BuiltIn">
<arg>${cardElement.text}</arg>
<doc>Logs the given message with the given level.</doc>
<msg timestamp="20221206 20:09:53.626" level="INFO">Samsung Note 8</msg>
<status status="PASS" starttime="20221206 20:09:53.615" endtime="20221206 20:09:53.626"/>
</kw>
<kw name="Append To List" library="Collections">
<arg>${actualList}</arg>
<arg>${cardElement.text}</arg>
<doc>Adds ``values`` to the end of ``list``.</doc>
<status status="PASS" starttime="20221206 20:09:53.626" endtime="20221206 20:09:53.632"/>
</kw>
<status status="PASS" starttime="20221206 20:09:53.615" endtime="20221206 20:09:53.632"/>
</iter>
<iter>
<var name="${cardElement}">&lt;selenium.webdriver.remote.webelement.WebElement (session="5d7c294ac8a118f28478a4077e48fa2b", element="cc32e834-2e9a-477c-b029-72b4852ff8bf")&gt;</var>
<kw name="Log" library="BuiltIn">
<arg>${cardElement.text}</arg>
<doc>Logs the given message with the given level.</doc>
<msg timestamp="20221206 20:09:53.642" level="INFO">Nokia Edge</msg>
<status status="PASS" starttime="20221206 20:09:53.632" endtime="20221206 20:09:53.642"/>
</kw>
<kw name="Append To List" library="Collections">
<arg>${actualList}</arg>
<arg>${cardElement.text}</arg>
<doc>Adds ``values`` to the end of ``list``.</doc>
<status status="PASS" starttime="20221206 20:09:53.642" endtime="20221206 20:09:53.648"/>
</kw>
<status status="PASS" starttime="20221206 20:09:53.632" endtime="20221206 20:09:53.648"/>
</iter>
<iter>
<var name="${cardElement}">&lt;selenium.webdriver.remote.webelement.WebElement (session="5d7c294ac8a118f28478a4077e48fa2b", element="366a76cf-14e1-4bd5-9825-02e979a43db3")&gt;</var>
<kw name="Log" library="BuiltIn">
<arg>${cardElement.text}</arg>
<doc>Logs the given message with the given level.</doc>
<msg timestamp="20221206 20:09:53.659" level="INFO">Blackberry</msg>
<status status="PASS" starttime="20221206 20:09:53.648" endtime="20221206 20:09:53.659"/>
</kw>
<kw name="Append To List" library="Collections">
<arg>${actualList}</arg>
<arg>${cardElement.text}</arg>
<doc>Adds ``values`` to the end of ``list``.</doc>
<status status="PASS" starttime="20221206 20:09:53.659" endtime="20221206 20:09:53.665"/>
</kw>
<status status="PASS" starttime="20221206 20:09:53.648" endtime="20221206 20:09:53.665"/>
</iter>
<status status="PASS" starttime="20221206 20:09:53.595" endtime="20221206 20:09:53.665"/>
</for>
<kw name="Lists Should Be Equal" library="Collections">
<arg>${expectedList}</arg>
<arg>${actualList}</arg>
<doc>Fails if given lists are unequal.</doc>
<status status="PASS" starttime="20221206 20:09:53.666" endtime="20221206 20:09:53.666"/>
</kw>
<status status="PASS" starttime="20221206 20:09:53.580" endtime="20221206 20:09:53.666"/>
</kw>
<kw name="select the card">
<arg>Nokia Edge</arg>
<kw name="Get WebElements" library="SeleniumLibrary">
<var>${cardElements}</var>
<arg>${ShopPage_CardTiles}</arg>
<doc>Returns a list of WebElement objects matching the ``locator``.</doc>
<msg timestamp="20221206 20:09:53.673" level="INFO">${cardElements} = [&lt;selenium.webdriver.remote.webelement.WebElement (session="5d7c294ac8a118f28478a4077e48fa2b", element="958c63bb-b14c-4cb4-8a09-7267d2e5f4a9")&gt;, &lt;selenium.webdriver.remote.webelement.WebElement (sessi...</msg>
<status status="PASS" starttime="20221206 20:09:53.666" endtime="20221206 20:09:53.673"/>
</kw>
<kw name="Set Variable" library="BuiltIn">
<var>${index}</var>
<arg>1</arg>
<doc>Returns the given values which can then be assigned to a variables.</doc>
<msg timestamp="20221206 20:09:53.674" level="INFO">${index} = 1</msg>
<status status="PASS" starttime="20221206 20:09:53.673" endtime="20221206 20:09:53.674"/>
</kw>
<for flavor="IN">
<var>${cardElement}</var>
<value>${cardElements}</value>
<iter>
<var name="${cardElement}">[&lt;selenium.webdriver.remote.webelement.WebElement (session="5d7c294ac8a118f28478a4077e48fa2b", element="958c63bb-b14c-4cb4-8a09-7267d2e5f4a9")&gt;, &lt;selenium.webdriver.remote.webelement.WebElement (sessi...</var>
<kw name="Log" library="BuiltIn">
<arg>${cardElement.text}</arg>
<doc>Logs the given message with the given level.</doc>
<msg timestamp="20221206 20:09:53.674" level="FAIL">Resolving variable '${cardElement.text}' failed: AttributeError: 'list' object has no attribute 'text'</msg>
<status status="FAIL" starttime="20221206 20:09:53.674" endtime="20221206 20:09:53.674"/>
</kw>
<if>
<branch type="IF" condition="'${cardName}' == '${cardElement.text}'">
<break>
<status status="NOT RUN" starttime="20221206 20:09:53.675" endtime="20221206 20:09:53.675"/>
</break>
<status status="NOT RUN" starttime="20221206 20:09:53.675" endtime="20221206 20:09:53.675"/>
</branch>
<status status="NOT RUN" starttime="20221206 20:09:53.675" endtime="20221206 20:09:53.675"/>
</if>
<kw name="Evaluate" library="BuiltIn">
<var>${index}</var>
<arg>${index} +1</arg>
<doc>Evaluates the given expression in Python and returns the result.</doc>
<status status="NOT RUN" starttime="20221206 20:09:53.675" endtime="20221206 20:09:53.675"/>
</kw>
<status status="FAIL" starttime="20221206 20:09:53.674" endtime="20221206 20:09:53.675"/>
</iter>
<status status="FAIL" starttime="20221206 20:09:53.674" endtime="20221206 20:09:53.675"/>
</for>
<kw name="Click Button" library="SeleniumLibrary">
<arg>xpath:(//*[@class='card-footer'])[${index}]/button</arg>
<doc>Clicks the button identified by ``locator``.</doc>
<status status="NOT RUN" starttime="20221206 20:09:53.675" endtime="20221206 20:09:53.675"/>
</kw>
<status status="FAIL" starttime="20221206 20:09:53.666" endtime="20221206 20:09:53.675"/>
</kw>
<kw name="scroll till Element" library="resource">
<arg>${ShopPage_Checkout_Btn}</arg>
<status status="NOT RUN" starttime="20221206 20:09:53.675" endtime="20221206 20:09:53.675"/>
</kw>
<kw name="Close Browser Session" library="resource" type="TEARDOWN">
<kw name="Close Browser" library="SeleniumLibrary">
<doc>Closes the current browser.</doc>
<status status="PASS" starttime="20221206 20:09:53.676" endtime="20221206 20:09:53.795"/>
</kw>
<status status="PASS" starttime="20221206 20:09:53.676" endtime="20221206 20:09:53.796"/>
</kw>
<status status="FAIL" starttime="20221206 20:09:45.541" endtime="20221206 20:09:53.796">Resolving variable '${cardElement.text}' failed: AttributeError: 'list' object has no attribute 'text'</status>
</test>
<doc>to validate the login</doc>
<status status="FAIL" starttime="20221206 20:09:45.388" endtime="20221206 20:09:53.797"/>
</suite>
<statistics>
<total>
<stat pass="0" fail="1" skip="0">All Tests</stat>
</total>
<tag>
</tag>
<suite>
<stat pass="0" fail="1" skip="0" id="s1" name="testDemo16">testDemo16</stat>
</suite>
</statistics>
<errors>
</errors>
</robot>
